#-----------------------------------------------------------
# Vivado v2016.3 (64-bit)
# SW Build 1682563 on Mon Oct 10 19:07:27 MDT 2016
# IP Build 1681267 on Mon Oct 10 21:28:31 MDT 2016
# Start of session at: Sat Mar 07 20:10:47 2020
# Process ID: 7804
# Current directory: H:/Comp Org/PHAZE 2/DEREKS FINISHED CONTROL PATH/New newPhase 2
# Command line: vivado.exe -gui_launcher_event rodinguilauncherevent10816 H:\Comp Org\PHAZE 2\DEREKS FINISHED CONTROL PATH\New newPhase 2\Phase 2.xpr
# Log file: H:/Comp Org/PHAZE 2/DEREKS FINISHED CONTROL PATH/New newPhase 2/vivado.log
# Journal file: H:/Comp Org/PHAZE 2/DEREKS FINISHED CONTROL PATH/New newPhase 2\vivado.jou
#-----------------------------------------------------------
start_gui
open_project {H:/Comp Org/PHAZE 2/DEREKS FINISHED CONTROL PATH/New newPhase 2/Phase 2.xpr}
INFO: [Project 1-313] Project file moved from 'T:/ISE/Phase 2' since last save.
CRITICAL WARNING: [Project 1-311] Could not find the file 'H:/Comp Org/PHAZE 2/DEREKS FINISHED CONTROL PATH/Phase2/Phase2.srcs/sources_1/new/FourToOneMux.vhd', nor could it be found using path 'T:/ISE/Phase2/Phase2.srcs/sources_1/new/FourToOneMux.vhd'.
CRITICAL WARNING: [Project 1-311] Could not find the file 'H:/Comp Org/PHAZE 2/DEREKS FINISHED CONTROL PATH/Phase2/Phase2.srcs/sources_1/new/signExtend.vhd', nor could it be found using path 'T:/ISE/Phase2/Phase2.srcs/sources_1/new/signExtend.vhd'.
CRITICAL WARNING: [Project 1-311] Could not find the file 'H:/Comp Org/PHAZE 2/DEREKS FINISHED CONTROL PATH/Phase2/Phase2.srcs/sources_1/new/shiftLeftTop.vhd', nor could it be found using path 'T:/ISE/Phase2/Phase2.srcs/sources_1/new/shiftLeftTop.vhd'.
CRITICAL WARNING: [Project 1-311] Could not find the file 'H:/Comp Org/PHAZE 2/DEREKS FINISHED CONTROL PATH/Phase2/Phase2.srcs/sources_1/new/shiftLeftBottom.vhd', nor could it be found using path 'T:/ISE/Phase2/Phase2.srcs/sources_1/new/shiftLeftBottom.vhd'.
Scanning sources...
Finished scanning sources
WARNING: [filemgmt 56-2] IP Output Repository Path: Could not find the directory 'H:/Comp Org/PHAZE 2/DEREKS FINISHED CONTROL PATH/New newPhase 2/Phase 2.cache/ip', nor could it be found using path 'T:/ISE/Phase 2/Phase 2.cache/ip'.
INFO: [IP_Flow 19-234] Refreshing IP repositories
INFO: [IP_Flow 19-1704] No user IP repositories specified
INFO: [IP_Flow 19-2313] Loaded Vivado IP repository 'C:/Xilinx/Vivado/2016.3/data/ip'.
exit
INFO: [Common 17-206] Exiting Vivado at Sat Mar 07 20:15:58 2020...
