#-----------------------------------------------------------
# Vivado v2016.3 (64-bit)
# SW Build 1682563 on Mon Oct 10 19:07:27 MDT 2016
# IP Build 1681267 on Mon Oct 10 21:28:31 MDT 2016
# Start of session at: Sat Mar 07 18:55:49 2020
# Process ID: 10384
# Current directory: T:/ISE/Phase 2
# Command line: vivado.exe -gui_launcher_event rodinguilauncherevent3604 T:\ISE\Phase 2\Phase 2.xpr
# Log file: T:/ISE/Phase 2/vivado.log
# Journal file: T:/ISE/Phase 2\vivado.jou
#-----------------------------------------------------------
start_gui
open_project {T:/ISE/Phase 2/Phase 2.xpr}
Scanning sources...
Finished scanning sources
WARNING: [filemgmt 56-3] IP Output Repository Path: Could not find the directory 'T:/ISE/Phase 2/Phase 2.cache/ip'.
INFO: [IP_Flow 19-234] Refreshing IP repositories
INFO: [IP_Flow 19-1704] No user IP repositories specified
INFO: [IP_Flow 19-2313] Loaded Vivado IP repository 'C:/Xilinx/Vivado/2016.3/data/ip'.
exit
INFO: [Common 17-206] Exiting Vivado at Sat Mar 07 18:56:10 2020...
