#-----------------------------------------------------------
# Vivado v2019.2 (64-bit)
# SW Build 2708876 on Wed Nov  6 21:40:23 MST 2019
# IP Build 2700528 on Thu Nov  7 00:09:20 MST 2019
# Start of session at: Wed Apr  8 18:05:06 2020
# Process ID: 10532
# Current directory: C:/Users/Terry/Desktop/ENGG 3380/Processor-ENGG3380
# Command line: vivado.exe -gui_launcher_event rodinguilauncherevent12540 C:\Users\Terry\Desktop\ENGG 3380\Processor-ENGG3380\Processor.xpr
# Log file: C:/Users/Terry/Desktop/ENGG 3380/Processor-ENGG3380/vivado.log
# Journal file: C:/Users/Terry/Desktop/ENGG 3380/Processor-ENGG3380\vivado.jou
#-----------------------------------------------------------
start_gui
open_project {C:/Users/Terry/Desktop/ENGG 3380/Processor-ENGG3380/Processor.xpr}
CRITICAL WARNING: [Project 1-19] Could not find the file 'C:/Users/Terry/Desktop/ENGG 3380/Processor-ENGG3380/Processor.srcs/sources_1/new/FullAdder.vhd'.
CRITICAL WARNING: [Project 1-19] Could not find the file 'C:/Users/Terry/Desktop/ENGG 3380/Processor-ENGG3380/Processor.srcs/sources_1/new/MUX2to1.vhd'.
CRITICAL WARNING: [Project 1-19] Could not find the file 'C:/Users/Terry/Desktop/ENGG 3380/Processor-ENGG3380/Processor.srcs/sources_1/new/MUX.vhd'.
CRITICAL WARNING: [Project 1-19] Could not find the file 'C:/Users/Terry/Desktop/ENGG 3380/Processor-ENGG3380/Processor.srcs/sources_1/new/FullAdder8.vhd'.
CRITICAL WARNING: [Project 1-19] Could not find the file 'C:/Users/Terry/Desktop/ENGG 3380/Processor-ENGG3380/Processor.srcs/sources_1/new/ArithmeticUnit.vhd'.
CRITICAL WARNING: [Project 1-19] Could not find the file 'C:/Users/Terry/Desktop/ENGG 3380/Processor-ENGG3380/Processor.srcs/sources_1/new/Compliment2s.vhd'.
CRITICAL WARNING: [Project 1-19] Could not find the file 'C:/Users/Terry/Desktop/ENGG 3380/Processor-ENGG3380/Processor.srcs/sources_1/new/ALU_Structural_OneBit.vhd'.
CRITICAL WARNING: [Project 1-19] Could not find the file 'C:/Users/Terry/Desktop/ENGG 3380/Processor-ENGG3380/Processor.srcs/sources_1/new/MicroProgramCounter.vhd'.
CRITICAL WARNING: [Project 1-19] Could not find the file 'C:/Users/Terry/Desktop/ENGG 3380/Processor-ENGG3380/Processor.srcs/sources_1/new/MicrocodeStore.vhd'.
CRITICAL WARNING: [Project 1-19] Could not find the file 'C:/Users/Terry/Desktop/ENGG 3380/Processor-ENGG3380/Processor.srcs/sources_1/new/LogicMapping.vhd'.
CRITICAL WARNING: [Project 1-19] Could not find the file 'C:/Users/Terry/Desktop/ENGG 3380/Processor-ENGG3380/Processor.srcs/sources_1/new/IncrMUX.vhd'.
CRITICAL WARNING: [Project 1-19] Could not find the file 'C:/Users/Terry/Desktop/ENGG 3380/Processor-ENGG3380/Processor.srcs/sources_1/new/Incrementer.vhd'.
CRITICAL WARNING: [Project 1-19] Could not find the file 'C:/Users/Terry/Desktop/ENGG 3380/Processor-ENGG3380/Processor.srcs/sources_1/new/signExtend.vhd'.
CRITICAL WARNING: [Project 1-19] Could not find the file 'C:/Users/Terry/Desktop/ENGG 3380/Processor-ENGG3380/Processor.srcs/sources_1/new/shiftLeftTop.vhd'.
CRITICAL WARNING: [Project 1-19] Could not find the file 'C:/Users/Terry/Desktop/ENGG 3380/Processor-ENGG3380/Processor.srcs/sources_1/new/shiftLeftBottom.vhd'.
CRITICAL WARNING: [Project 1-19] Could not find the file 'C:/Users/Terry/Desktop/ENGG 3380/Processor-ENGG3380/Processor.srcs/sources_1/new/RegisterFile.vhd'.
CRITICAL WARNING: [Project 1-19] Could not find the file 'C:/Users/Terry/Desktop/ENGG 3380/Processor-ENGG3380/Processor.srcs/sources_1/new/ProgramCounter.vhd'.
CRITICAL WARNING: [Project 1-19] Could not find the file 'C:/Users/Terry/Desktop/ENGG 3380/Processor-ENGG3380/Processor.srcs/sources_1/new/MuxSrcA.vhd'.
CRITICAL WARNING: [Project 1-19] Could not find the file 'C:/Users/Terry/Desktop/ENGG 3380/Processor-ENGG3380/Processor.srcs/sources_1/new/Mux3to1.vhd'.
CRITICAL WARNING: [Project 1-19] Could not find the file 'C:/Users/Terry/Desktop/ENGG 3380/Processor-ENGG3380/Processor.srcs/sources_1/new/Mux2to1_8bit.vhd'.
CRITICAL WARNING: [Project 1-19] Could not find the file 'C:/Users/Terry/Desktop/ENGG 3380/Processor-ENGG3380/Processor.srcs/sources_1/new/Mux2to1_5bit.vhd'.
CRITICAL WARNING: [Project 1-19] Could not find the file 'C:/Users/Terry/Desktop/ENGG 3380/Processor-ENGG3380/Processor.srcs/sources_1/new/Memory.vhd'.
CRITICAL WARNING: [Project 1-19] Could not find the file 'C:/Users/Terry/Desktop/ENGG 3380/Processor-ENGG3380/Processor.srcs/sources_1/new/MDR.vhd'.
CRITICAL WARNING: [Project 1-19] Could not find the file 'C:/Users/Terry/Desktop/ENGG 3380/Processor-ENGG3380/Processor.srcs/sources_1/new/InstructionRegister.vhd'.
CRITICAL WARNING: [Project 1-19] Could not find the file 'C:/Users/Terry/Desktop/ENGG 3380/Processor-ENGG3380/Processor.srcs/sources_1/new/FourToOneMux.vhd'.
CRITICAL WARNING: [Project 1-19] Could not find the file 'C:/Users/Terry/Desktop/ENGG 3380/Processor-ENGG3380/Processor.srcs/sources_1/new/BReg.vhd'.
CRITICAL WARNING: [Project 1-19] Could not find the file 'C:/Users/Terry/Desktop/ENGG 3380/Processor-ENGG3380/Processor.srcs/sources_1/new/AReg.vhd'.
CRITICAL WARNING: [Project 1-19] Could not find the file 'C:/Users/Terry/Desktop/ENGG 3380/Processor-ENGG3380/Processor.srcs/sources_1/new/ALU_Structural.vhd'.
CRITICAL WARNING: [Project 1-19] Could not find the file 'C:/Users/Terry/Desktop/ENGG 3380/Processor-ENGG3380/Processor.srcs/sources_1/new/ALUReg.vhd'.
CRITICAL WARNING: [Project 1-19] Could not find the file 'C:/Users/Terry/Desktop/ENGG 3380/Processor-ENGG3380/Processor.srcs/sources_1/new/ALUControl.vhd'.
CRITICAL WARNING: [Project 1-19] Could not find the file 'C:/Users/Terry/Desktop/ENGG 3380/Processor-ENGG3380/Processor.srcs/sources_1/new/MPControl.vhd'.
CRITICAL WARNING: [Project 1-19] Could not find the file 'C:/Users/Terry/Desktop/ENGG 3380/Processor-ENGG3380/Processor.srcs/sources_1/new/Processor.vhd'.
CRITICAL WARNING: [Project 1-19] Could not find the file 'C:/Users/Terry/Desktop/ENGG 3380/Processor-ENGG3380/Processor.srcs/sim_1/new/regFileAndALU_tb.vhd'.
CRITICAL WARNING: [Project 1-19] Could not find the file 'C:/Users/Terry/Desktop/ENGG 3380/Processor-ENGG3380/Processor.srcs/sim_1/new/Control_tb.vhd'.
CRITICAL WARNING: [Project 1-19] Could not find the file 'C:/Users/Terry/Desktop/ENGG 3380/Processor-ENGG3380/Processor.srcs/sim_1/new/processor_tb.vhd'.
Scanning sources...
Finished scanning sources
INFO: [IP_Flow 19-234] Refreshing IP repositories
INFO: [IP_Flow 19-1704] No user IP repositories specified
INFO: [IP_Flow 19-2313] Loaded Vivado IP repository 'T:/Xilinx/Vivado/2019.2/data/ip'.
open_project: Time (s): cpu = 00:00:11 ; elapsed = 00:00:05 . Memory (MB): peak = 930.941 ; gain = 236.168
update_compile_order -fileset sources_1
