#-----------------------------------------------------------
# Vivado v2019.2 (64-bit)
# SW Build 2708876 on Wed Nov  6 21:40:23 MST 2019
# IP Build 2700528 on Thu Nov  7 00:09:20 MST 2019
# Start of session at: Wed Apr  8 16:38:22 2020
# Process ID: 14532
# Current directory: C:/Users/krahn/Desktop/ENGG3380_Processor
# Command line: vivado.exe -gui_launcher_event rodinguilauncherevent16864 C:\Users\krahn\Desktop\ENGG3380_Processor\Processor.xpr
# Log file: C:/Users/krahn/Desktop/ENGG3380_Processor/vivado.log
# Journal file: C:/Users/krahn/Desktop/ENGG3380_Processor\vivado.jou
#-----------------------------------------------------------
start_gui
open_project C:/Users/krahn/Desktop/ENGG3380_Processor/Processor.xpr
INFO: [Project 1-313] Project file moved from 'C:/Users/krahn/Desktop/WeGotDefinedOutput/NewNewPhase2' since last save.
CRITICAL WARNING: [Project 1-311] Could not find the file 'C:/Users/krahn/Desktop/ENGG3380_Processor/Processor.srcs/sources_1/new/FullAdder.vhd', nor could it be found using path 'C:/Users/krahn/Desktop/WeGotDefinedOutput/NewNewPhase2/Phase2.srcs/sources_1/new/FullAdder.vhd'.
CRITICAL WARNING: [Project 1-311] Could not find the file 'C:/Users/krahn/Desktop/ENGG3380_Processor/Processor.srcs/sources_1/new/MUX2to1.vhd', nor could it be found using path 'C:/Users/krahn/Desktop/WeGotDefinedOutput/NewNewPhase2/Phase2.srcs/sources_1/new/MUX2to1.vhd'.
CRITICAL WARNING: [Project 1-311] Could not find the file 'C:/Users/krahn/Desktop/ENGG3380_Processor/Processor.srcs/sources_1/new/MUX.vhd', nor could it be found using path 'C:/Users/krahn/Desktop/WeGotDefinedOutput/NewNewPhase2/Phase2.srcs/sources_1/new/MUX.vhd'.
CRITICAL WARNING: [Project 1-311] Could not find the file 'C:/Users/krahn/Desktop/ENGG3380_Processor/Processor.srcs/sources_1/new/FullAdder8.vhd', nor could it be found using path 'C:/Users/krahn/Desktop/WeGotDefinedOutput/NewNewPhase2/Phase2.srcs/sources_1/new/FullAdder8.vhd'.
CRITICAL WARNING: [Project 1-311] Could not find the file 'C:/Users/krahn/Desktop/ENGG3380_Processor/Processor.srcs/sources_1/new/ArithmeticUnit.vhd', nor could it be found using path 'C:/Users/krahn/Desktop/WeGotDefinedOutput/NewNewPhase2/Phase2.srcs/sources_1/new/ArithmeticUnit.vhd'.
CRITICAL WARNING: [Project 1-311] Could not find the file 'C:/Users/krahn/Desktop/ENGG3380_Processor/Processor.srcs/sources_1/new/Compliment2s.vhd', nor could it be found using path 'C:/Users/krahn/Desktop/WeGotDefinedOutput/NewNewPhase2/Phase2.srcs/sources_1/new/Compliment2s.vhd'.
CRITICAL WARNING: [Project 1-311] Could not find the file 'C:/Users/krahn/Desktop/ENGG3380_Processor/Processor.srcs/sources_1/new/ALU_Structural_OneBit.vhd', nor could it be found using path 'C:/Users/krahn/Desktop/WeGotDefinedOutput/NewNewPhase2/Phase2.srcs/sources_1/new/ALU_Structural_OneBit.vhd'.
CRITICAL WARNING: [Project 1-311] Could not find the file 'C:/Users/krahn/Desktop/ENGG3380_Processor/Processor.srcs/sources_1/new/MicroProgramCounter.vhd', nor could it be found using path 'C:/Users/krahn/Desktop/WeGotDefinedOutput/NewNewPhase2/Phase2.srcs/sources_1/new/MicroProgramCounter.vhd'.
CRITICAL WARNING: [Project 1-311] Could not find the file 'C:/Users/krahn/Desktop/ENGG3380_Processor/Processor.srcs/sources_1/new/MicrocodeStore.vhd', nor could it be found using path 'C:/Users/krahn/Desktop/WeGotDefinedOutput/NewNewPhase2/Phase2.srcs/sources_1/new/MicrocodeStore.vhd'.
CRITICAL WARNING: [Project 1-311] Could not find the file 'C:/Users/krahn/Desktop/ENGG3380_Processor/Processor.srcs/sources_1/new/LogicMapping.vhd', nor could it be found using path 'C:/Users/krahn/Desktop/WeGotDefinedOutput/NewNewPhase2/Phase2.srcs/sources_1/new/LogicMapping.vhd'.
CRITICAL WARNING: [Project 1-311] Could not find the file 'C:/Users/krahn/Desktop/ENGG3380_Processor/Processor.srcs/sources_1/new/IncrMUX.vhd', nor could it be found using path 'C:/Users/krahn/Desktop/WeGotDefinedOutput/NewNewPhase2/Phase2.srcs/sources_1/new/IncrMUX.vhd'.
CRITICAL WARNING: [Project 1-311] Could not find the file 'C:/Users/krahn/Desktop/ENGG3380_Processor/Processor.srcs/sources_1/new/Incrementer.vhd', nor could it be found using path 'C:/Users/krahn/Desktop/WeGotDefinedOutput/NewNewPhase2/Phase2.srcs/sources_1/new/Incrementer.vhd'.
CRITICAL WARNING: [Project 1-311] Could not find the file 'C:/Users/krahn/Desktop/ENGG3380_Processor/Processor.srcs/sources_1/new/signExtend.vhd', nor could it be found using path 'C:/Users/krahn/Desktop/WeGotDefinedOutput/NewNewPhase2/Phase2.srcs/sources_1/new/signExtend.vhd'.
CRITICAL WARNING: [Project 1-311] Could not find the file 'C:/Users/krahn/Desktop/ENGG3380_Processor/Processor.srcs/sources_1/new/shiftLeftTop.vhd', nor could it be found using path 'C:/Users/krahn/Desktop/WeGotDefinedOutput/NewNewPhase2/Phase2.srcs/sources_1/new/shiftLeftTop.vhd'.
CRITICAL WARNING: [Project 1-311] Could not find the file 'C:/Users/krahn/Desktop/ENGG3380_Processor/Processor.srcs/sources_1/new/shiftLeftBottom.vhd', nor could it be found using path 'C:/Users/krahn/Desktop/WeGotDefinedOutput/NewNewPhase2/Phase2.srcs/sources_1/new/shiftLeftBottom.vhd'.
CRITICAL WARNING: [Project 1-311] Could not find the file 'C:/Users/krahn/Desktop/ENGG3380_Processor/Processor.srcs/sources_1/new/RegisterFile.vhd', nor could it be found using path 'C:/Users/krahn/Desktop/WeGotDefinedOutput/NewNewPhase2/Phase2.srcs/sources_1/new/RegisterFile.vhd'.
CRITICAL WARNING: [Project 1-311] Could not find the file 'C:/Users/krahn/Desktop/ENGG3380_Processor/Processor.srcs/sources_1/new/ProgramCounter.vhd', nor could it be found using path 'C:/Users/krahn/Desktop/WeGotDefinedOutput/NewNewPhase2/Phase2.srcs/sources_1/new/ProgramCounter.vhd'.
CRITICAL WARNING: [Project 1-311] Could not find the file 'C:/Users/krahn/Desktop/ENGG3380_Processor/Processor.srcs/sources_1/new/MuxSrcA.vhd', nor could it be found using path 'C:/Users/krahn/Desktop/WeGotDefinedOutput/NewNewPhase2/Phase2.srcs/sources_1/new/MuxSrcA.vhd'.
CRITICAL WARNING: [Project 1-311] Could not find the file 'C:/Users/krahn/Desktop/ENGG3380_Processor/Processor.srcs/sources_1/new/Mux3to1.vhd', nor could it be found using path 'C:/Users/krahn/Desktop/WeGotDefinedOutput/NewNewPhase2/Phase2.srcs/sources_1/new/Mux3to1.vhd'.
CRITICAL WARNING: [Project 1-311] Could not find the file 'C:/Users/krahn/Desktop/ENGG3380_Processor/Processor.srcs/sources_1/new/Mux2to1_8bit.vhd', nor could it be found using path 'C:/Users/krahn/Desktop/WeGotDefinedOutput/NewNewPhase2/Phase2.srcs/sources_1/new/Mux2to1_8bit.vhd'.
CRITICAL WARNING: [Project 1-311] Could not find the file 'C:/Users/krahn/Desktop/ENGG3380_Processor/Processor.srcs/sources_1/new/Mux2to1_5bit.vhd', nor could it be found using path 'C:/Users/krahn/Desktop/WeGotDefinedOutput/NewNewPhase2/Phase2.srcs/sources_1/new/Mux2to1_5bit.vhd'.
CRITICAL WARNING: [Project 1-311] Could not find the file 'C:/Users/krahn/Desktop/ENGG3380_Processor/Processor.srcs/sources_1/new/Memory.vhd', nor could it be found using path 'C:/Users/krahn/Desktop/WeGotDefinedOutput/NewNewPhase2/Phase2.srcs/sources_1/new/Memory.vhd'.
CRITICAL WARNING: [Project 1-311] Could not find the file 'C:/Users/krahn/Desktop/ENGG3380_Processor/Processor.srcs/sources_1/new/MDR.vhd', nor could it be found using path 'C:/Users/krahn/Desktop/WeGotDefinedOutput/NewNewPhase2/Phase2.srcs/sources_1/new/MDR.vhd'.
CRITICAL WARNING: [Project 1-311] Could not find the file 'C:/Users/krahn/Desktop/ENGG3380_Processor/Processor.srcs/sources_1/new/InstructionRegister.vhd', nor could it be found using path 'C:/Users/krahn/Desktop/WeGotDefinedOutput/NewNewPhase2/Phase2.srcs/sources_1/new/InstructionRegister.vhd'.
CRITICAL WARNING: [Project 1-311] Could not find the file 'C:/Users/krahn/Desktop/ENGG3380_Processor/Processor.srcs/sources_1/new/FourToOneMux.vhd', nor could it be found using path 'C:/Users/krahn/Desktop/WeGotDefinedOutput/NewNewPhase2/Phase2.srcs/sources_1/new/FourToOneMux.vhd'.
CRITICAL WARNING: [Project 1-311] Could not find the file 'C:/Users/krahn/Desktop/ENGG3380_Processor/Processor.srcs/sources_1/new/BReg.vhd', nor could it be found using path 'C:/Users/krahn/Desktop/WeGotDefinedOutput/NewNewPhase2/Phase2.srcs/sources_1/new/BReg.vhd'.
CRITICAL WARNING: [Project 1-311] Could not find the file 'C:/Users/krahn/Desktop/ENGG3380_Processor/Processor.srcs/sources_1/new/AReg.vhd', nor could it be found using path 'C:/Users/krahn/Desktop/WeGotDefinedOutput/NewNewPhase2/Phase2.srcs/sources_1/new/AReg.vhd'.
CRITICAL WARNING: [Project 1-311] Could not find the file 'C:/Users/krahn/Desktop/ENGG3380_Processor/Processor.srcs/sources_1/new/ALU_Structural.vhd', nor could it be found using path 'C:/Users/krahn/Desktop/WeGotDefinedOutput/NewNewPhase2/Phase2.srcs/sources_1/new/ALU_Structural.vhd'.
CRITICAL WARNING: [Project 1-311] Could not find the file 'C:/Users/krahn/Desktop/ENGG3380_Processor/Processor.srcs/sources_1/new/ALUReg.vhd', nor could it be found using path 'C:/Users/krahn/Desktop/WeGotDefinedOutput/NewNewPhase2/Phase2.srcs/sources_1/new/ALUReg.vhd'.
CRITICAL WARNING: [Project 1-311] Could not find the file 'C:/Users/krahn/Desktop/ENGG3380_Processor/Processor.srcs/sources_1/new/ALUControl.vhd', nor could it be found using path 'C:/Users/krahn/Desktop/WeGotDefinedOutput/NewNewPhase2/Phase2.srcs/sources_1/new/ALUControl.vhd'.
CRITICAL WARNING: [Project 1-311] Could not find the file 'C:/Users/krahn/Desktop/ENGG3380_Processor/Processor.srcs/sources_1/new/MPControl.vhd', nor could it be found using path 'C:/Users/krahn/Desktop/WeGotDefinedOutput/NewNewPhase2/Phase2.srcs/sources_1/new/MPControl.vhd'.
CRITICAL WARNING: [Project 1-311] Could not find the file 'C:/Users/krahn/Desktop/ENGG3380_Processor/Processor.srcs/sources_1/new/Processor.vhd', nor could it be found using path 'C:/Users/krahn/Desktop/WeGotDefinedOutput/NewNewPhase2/Phase2.srcs/sources_1/new/Processor.vhd'.
CRITICAL WARNING: [Project 1-311] Could not find the file 'C:/Users/krahn/Desktop/ENGG3380_Processor/Processor.srcs/sim_1/new/regFileAndALU_tb.vhd', nor could it be found using path 'C:/Users/krahn/Desktop/WeGotDefinedOutput/NewNewPhase2/Phase2.srcs/sim_1/new/regFileAndALU_tb.vhd'.
CRITICAL WARNING: [Project 1-311] Could not find the file 'C:/Users/krahn/Desktop/ENGG3380_Processor/Processor.srcs/sim_1/new/Control_tb.vhd', nor could it be found using path 'C:/Users/krahn/Desktop/WeGotDefinedOutput/NewNewPhase2/Phase2.srcs/sim_1/new/Control_tb.vhd'.
CRITICAL WARNING: [Project 1-311] Could not find the file 'C:/Users/krahn/Desktop/ENGG3380_Processor/Processor.srcs/sim_1/new/processor_tb.vhd', nor could it be found using path 'C:/Users/krahn/Desktop/WeGotDefinedOutput/NewNewPhase2/Phase2.srcs/sim_1/new/processor_tb.vhd'.
Scanning sources...
Finished scanning sources
INFO: [IP_Flow 19-234] Refreshing IP repositories
INFO: [IP_Flow 19-1704] No user IP repositories specified
INFO: [IP_Flow 19-2313] Loaded Vivado IP repository 'C:/Xilinx/Vivado/2019.2/data/ip'.
open_project: Time (s): cpu = 00:00:17 ; elapsed = 00:00:08 . Memory (MB): peak = 1040.770 ; gain = 156.414
update_compile_order -fileset sources_1
launch_simulation
Command: launch_simulation 
INFO: [Vivado 12-5682] Launching behavioral simulation in 'C:/Users/krahn/Desktop/ENGG3380_Processor/Processor.sim/sim_1/behav/xsim'
INFO: [SIM-utils-51] Simulation object is 'sim_1'
INFO: [SIM-utils-54] Inspecting design source files for 'processor_tb' in fileset 'sim_1'...
INFO: [USF-XSim-97] Finding global include files...
INFO: [USF-XSim-98] Fetching design files from 'sim_1'...
INFO: [USF-XSim-2] XSim::Compile design
INFO: [USF-XSim-61] Executing 'COMPILE and ANALYZE' step in 'C:/Users/krahn/Desktop/ENGG3380_Processor/Processor.sim/sim_1/behav/xsim'
"xvhdl --incr --relax -prj processor_tb_vhdl.prj"
INFO: [VRFC 10-163] Analyzing VHDL file "C:/Users/krahn/Desktop/ENGG3380_Processor/Phase 2.srcs/sources_1/new/ALUControl.vhd" into library xil_defaultlib
INFO: [VRFC 10-3107] analyzing entity 'ALUControl'
INFO: [VRFC 10-163] Analyzing VHDL file "C:/Users/krahn/Desktop/ENGG3380_Processor/Phase 2.srcs/sources_1/new/ALUReg.vhd" into library xil_defaultlib
INFO: [VRFC 10-3107] analyzing entity 'ALUReg'
INFO: [VRFC 10-163] Analyzing VHDL file "C:/Users/krahn/Desktop/ENGG3380_Processor/Phase 2.srcs/sources_1/new/ALU_Structural.vhd" into library xil_defaultlib
INFO: [VRFC 10-3107] analyzing entity 'ALU_Structural'
INFO: [VRFC 10-163] Analyzing VHDL file "C:/Users/krahn/Desktop/ENGG3380_Processor/Phase 2.srcs/sources_1/new/ALU_Structural_OneBit.vhd" into library xil_defaultlib
INFO: [VRFC 10-3107] analyzing entity 'ALU_Structural_OneBit'
INFO: [VRFC 10-163] Analyzing VHDL file "C:/Users/krahn/Desktop/ENGG3380_Processor/Phase 2.srcs/sources_1/new/AReg.vhd" into library xil_defaultlib
INFO: [VRFC 10-3107] analyzing entity 'AReg'
INFO: [VRFC 10-163] Analyzing VHDL file "C:/Users/krahn/Desktop/ENGG3380_Processor/Phase 2.srcs/sources_1/new/ArithmeticUnit.vhd" into library xil_defaultlib
INFO: [VRFC 10-3107] analyzing entity 'ArithmeticUnit'
INFO: [VRFC 10-163] Analyzing VHDL file "C:/Users/krahn/Desktop/ENGG3380_Processor/Phase 2.srcs/sources_1/new/BReg.vhd" into library xil_defaultlib
INFO: [VRFC 10-3107] analyzing entity 'BReg'
INFO: [VRFC 10-163] Analyzing VHDL file "C:/Users/krahn/Desktop/ENGG3380_Processor/Phase 2.srcs/sources_1/new/Compliment2s.vhd" into library xil_defaultlib
INFO: [VRFC 10-3107] analyzing entity 'Compliment2s'
INFO: [VRFC 10-163] Analyzing VHDL file "C:/Users/krahn/Desktop/ENGG3380_Processor/Phase 2.srcs/sources_1/new/FourToOneMux.vhd" into library xil_defaultlib
INFO: [VRFC 10-3107] analyzing entity 'FourToOneMux'
INFO: [VRFC 10-163] Analyzing VHDL file "C:/Users/krahn/Desktop/ENGG3380_Processor/Phase 2.srcs/sources_1/new/FullAdder.vhd" into library xil_defaultlib
INFO: [VRFC 10-3107] analyzing entity 'FullAdder'
INFO: [VRFC 10-163] Analyzing VHDL file "C:/Users/krahn/Desktop/ENGG3380_Processor/Phase 2.srcs/sources_1/new/FullAdder8.vhd" into library xil_defaultlib
INFO: [VRFC 10-3107] analyzing entity 'FullAdder16'
INFO: [VRFC 10-163] Analyzing VHDL file "C:/Users/krahn/Desktop/ENGG3380_Processor/Phase 2.srcs/sources_1/new/IncrMUX.vhd" into library xil_defaultlib
INFO: [VRFC 10-3107] analyzing entity 'IncrMUX'
INFO: [VRFC 10-163] Analyzing VHDL file "C:/Users/krahn/Desktop/ENGG3380_Processor/Phase 2.srcs/sources_1/new/Incrementer.vhd" into library xil_defaultlib
INFO: [VRFC 10-3107] analyzing entity 'Incrementer'
INFO: [VRFC 10-163] Analyzing VHDL file "C:/Users/krahn/Desktop/ENGG3380_Processor/Phase 2.srcs/sources_1/new/InstructionRegister.vhd" into library xil_defaultlib
INFO: [VRFC 10-3107] analyzing entity 'InstructionModule'
INFO: [VRFC 10-163] Analyzing VHDL file "C:/Users/krahn/Desktop/ENGG3380_Processor/Phase 2.srcs/sources_1/new/LogicMapping.vhd" into library xil_defaultlib
INFO: [VRFC 10-3107] analyzing entity 'LogicMapping'
INFO: [VRFC 10-163] Analyzing VHDL file "C:/Users/krahn/Desktop/ENGG3380_Processor/Phase 2.srcs/sources_1/new/MDR.vhd" into library xil_defaultlib
INFO: [VRFC 10-3107] analyzing entity 'MDR'
INFO: [VRFC 10-163] Analyzing VHDL file "C:/Users/krahn/Desktop/ENGG3380_Processor/Phase 2.srcs/sources_1/new/MPControl.vhd" into library xil_defaultlib
INFO: [VRFC 10-3107] analyzing entity 'MPControl'
INFO: [VRFC 10-163] Analyzing VHDL file "C:/Users/krahn/Desktop/ENGG3380_Processor/Phase 2.srcs/sources_1/new/MUX.vhd" into library xil_defaultlib
INFO: [VRFC 10-3107] analyzing entity 'MUX'
INFO: [VRFC 10-163] Analyzing VHDL file "C:/Users/krahn/Desktop/ENGG3380_Processor/Phase 2.srcs/sources_1/new/MUX2to1.vhd" into library xil_defaultlib
INFO: [VRFC 10-3107] analyzing entity 'MUX2to1'
INFO: [VRFC 10-163] Analyzing VHDL file "C:/Users/krahn/Desktop/ENGG3380_Processor/Phase 2.srcs/sources_1/new/Memory.vhd" into library xil_defaultlib
INFO: [VRFC 10-3107] analyzing entity 'Memory'
INFO: [VRFC 10-163] Analyzing VHDL file "C:/Users/krahn/Desktop/ENGG3380_Processor/Phase 2.srcs/sources_1/new/MicroProgramCounter.vhd" into library xil_defaultlib
INFO: [VRFC 10-3107] analyzing entity 'MicroProgramCounter'
INFO: [VRFC 10-163] Analyzing VHDL file "C:/Users/krahn/Desktop/ENGG3380_Processor/Phase 2.srcs/sources_1/new/MicrocodeStore.vhd" into library xil_defaultlib
INFO: [VRFC 10-3107] analyzing entity 'MicrocodeStore'
INFO: [VRFC 10-163] Analyzing VHDL file "C:/Users/krahn/Desktop/ENGG3380_Processor/Phase 2.srcs/sources_1/new/Mux2to1_5bit.vhd" into library xil_defaultlib
INFO: [VRFC 10-3107] analyzing entity 'Mux2to1_5bit'
INFO: [VRFC 10-163] Analyzing VHDL file "C:/Users/krahn/Desktop/ENGG3380_Processor/Phase 2.srcs/sources_1/new/Mux2to1_8bit.vhd" into library xil_defaultlib
INFO: [VRFC 10-3107] analyzing entity 'Mux2to1_8bit'
INFO: [VRFC 10-163] Analyzing VHDL file "C:/Users/krahn/Desktop/ENGG3380_Processor/Phase 2.srcs/sources_1/new/Mux3to1.vhd" into library xil_defaultlib
INFO: [VRFC 10-3107] analyzing entity 'Mux3to1'
INFO: [VRFC 10-163] Analyzing VHDL file "C:/Users/krahn/Desktop/ENGG3380_Processor/Phase 2.srcs/sources_1/new/MuxSrcA.vhd" into library xil_defaultlib
INFO: [VRFC 10-3107] analyzing entity 'MuxSrcA'
INFO: [VRFC 10-163] Analyzing VHDL file "C:/Users/krahn/Desktop/ENGG3380_Processor/Phase 2.srcs/sources_1/new/Processor.vhd" into library xil_defaultlib
INFO: [VRFC 10-3107] analyzing entity 'Processor'
INFO: [VRFC 10-163] Analyzing VHDL file "C:/Users/krahn/Desktop/ENGG3380_Processor/Phase 2.srcs/sources_1/new/ProgramCounter.vhd" into library xil_defaultlib
INFO: [VRFC 10-3107] analyzing entity 'ProgramCounter'
INFO: [VRFC 10-163] Analyzing VHDL file "C:/Users/krahn/Desktop/ENGG3380_Processor/Phase 2.srcs/sources_1/new/RegisterFile.vhd" into library xil_defaultlib
INFO: [VRFC 10-3107] analyzing entity 'RegisterFile'
INFO: [VRFC 10-163] Analyzing VHDL file "C:/Users/krahn/Desktop/ENGG3380_Processor/Phase 2.srcs/sources_1/new/shiftLeftBottom.vhd" into library xil_defaultlib
INFO: [VRFC 10-3107] analyzing entity 'shiftLeftBottom'
INFO: [VRFC 10-163] Analyzing VHDL file "C:/Users/krahn/Desktop/ENGG3380_Processor/Phase 2.srcs/sources_1/new/shiftLeftTop.vhd" into library xil_defaultlib
INFO: [VRFC 10-3107] analyzing entity 'shiftLeftTop'
INFO: [VRFC 10-163] Analyzing VHDL file "C:/Users/krahn/Desktop/ENGG3380_Processor/Phase 2.srcs/sources_1/new/signExtend.vhd" into library xil_defaultlib
INFO: [VRFC 10-3107] analyzing entity 'signExtend'
INFO: [VRFC 10-163] Analyzing VHDL file "C:/Users/krahn/Desktop/ENGG3380_Processor/Phase 2.srcs/sim_1/new/processor_tb.vhd" into library xil_defaultlib
INFO: [VRFC 10-3107] analyzing entity 'processor_tb'
INFO: [USF-XSim-69] 'compile' step finished in '3' seconds
INFO: [USF-XSim-3] XSim::Elaborate design
INFO: [USF-XSim-61] Executing 'ELABORATE' step in 'C:/Users/krahn/Desktop/ENGG3380_Processor/Processor.sim/sim_1/behav/xsim'
"xelab -wto 41091effe5974297abf1e1a1496df3bc --incr --debug typical --relax --mt 2 -L xil_defaultlib -L secureip --snapshot processor_tb_behav xil_defaultlib.processor_tb -log elaborate.log"
Vivado Simulator 2019.2
Copyright 1986-1999, 2001-2019 Xilinx, Inc. All Rights Reserved.
Running: C:/Xilinx/Vivado/2019.2/bin/unwrapped/win64.o/xelab.exe -wto 41091effe5974297abf1e1a1496df3bc --incr --debug typical --relax --mt 2 -L xil_defaultlib -L secureip --snapshot processor_tb_behav xil_defaultlib.processor_tb -log elaborate.log 
Using 2 slave threads.
Starting static elaboration
WARNING: [VRFC 10-3813] value in initialization depends on signal 'userval' [C:/Users/krahn/Desktop/ENGG3380_Processor/Phase 2.srcs/sources_1/new/Memory.vhd:21]
Completed static elaboration
Starting simulation data flow analysis
Completed simulation data flow analysis
INFO: [Common 17-41] Interrupt caught. Command should exit soon.
run_program: Time (s): cpu = 00:00:02 ; elapsed = 00:00:34 . Memory (MB): peak = 1040.770 ; gain = 0.000
INFO: [Common 17-344] 'run_program' was cancelled
INFO: [Vivado 12-5357] 'elaborate' step aborted
launch_simulation: Time (s): cpu = 00:00:03 ; elapsed = 00:00:38 . Memory (MB): peak = 1040.770 ; gain = 0.000
INFO: [Common 17-344] 'launch_simulation' was cancelled
exit
INFO: [Common 17-206] Exiting Vivado at Wed Apr  8 16:39:33 2020...
