Copyright 1986-2019 Xilinx, Inc. All Rights Reserved.
----------------------------------------------------------------------------------------------------------------------------------------------------------------------------
| Tool Version     : Vivado v.2019.2 (win64) Build 2708876 Wed Nov  6 21:40:23 MST 2019
| Date             : Mon Apr 13 13:44:21 2020
| Host             : DESKTOP-2U1OOMJ running 64-bit major release  (build 9200)
| Command          : report_power -file ProcessorToDisplay_power_routed.rpt -pb ProcessorToDisplay_power_summary_routed.pb -rpx ProcessorToDisplay_power_routed.rpx
| Design           : ProcessorToDisplay
| Device           : xc7a100tcsg324-1
| Design State     : routed
| Grade            : commercial
| Process          : typical
| Characterization : Production
----------------------------------------------------------------------------------------------------------------------------------------------------------------------------

Power Report

Table of Contents
-----------------
1. Summary
1.1 On-Chip Components
1.2 Power Supply Summary
1.3 Confidence Level
2. Settings
2.1 Environment
2.2 Clock Constraints
3. Detailed Reports
3.1 By Hierarchy

1. Summary
----------

+--------------------------+--------------+
| Total On-Chip Power (W)  | 0.094        |
| Design Power Budget (W)  | Unspecified* |
| Power Budget Margin (W)  | NA           |
| Dynamic (W)              | 0.010        |
| Device Static (W)        | 0.084        |
| Effective TJA (C/W)      | 4.6          |
| Max Ambient (C)          | 84.6         |
| Junction Temperature (C) | 25.4         |
| Confidence Level         | Low          |
| Setting File             | ---          |
| Simulation Activity File | ---          |
| Design Nets Matched      | NA           |
+--------------------------+--------------+
* Specify Design Power Budget using, set_operating_conditions -design_power_budget <value in Watts>


1.1 On-Chip Components
----------------------

+--------------------------+-----------+----------+-----------+-----------------+
| On-Chip                  | Power (W) | Used     | Available | Utilization (%) |
+--------------------------+-----------+----------+-----------+-----------------+
| Clocks                   |     0.002 |        3 |       --- |             --- |
| Slice Logic              |     0.003 |     1368 |       --- |             --- |
|   LUT as Logic           |     0.003 |      516 |     63400 |            0.81 |
|   LUT as Distributed RAM |    <0.001 |       24 |     19000 |            0.13 |
|   Register               |    <0.001 |      717 |    126800 |            0.57 |
|   F7/F8 Muxes            |    <0.001 |       49 |     63400 |            0.08 |
|   Others                 |     0.000 |       14 |       --- |             --- |
| Signals                  |     0.005 |     1165 |       --- |             --- |
| I/O                      |    <0.001 |       38 |       210 |           18.10 |
| Static Power             |     0.084 |          |           |                 |
| Total                    |     0.094 |          |           |                 |
+--------------------------+-----------+----------+-----------+-----------------+


1.2 Power Supply Summary
------------------------

+-----------+-------------+-----------+-------------+------------+
| Source    | Voltage (V) | Total (A) | Dynamic (A) | Static (A) |
+-----------+-------------+-----------+-------------+------------+
| Vccint    |       1.000 |     0.025 |       0.010 |      0.015 |
| Vccaux    |       1.800 |     0.018 |       0.000 |      0.018 |
| Vcco33    |       3.300 |     0.000 |       0.000 |      0.000 |
| Vcco25    |       2.500 |     0.000 |       0.000 |      0.000 |
| Vcco18    |       1.800 |     0.000 |       0.000 |      0.000 |
| Vcco15    |       1.500 |     0.000 |       0.000 |      0.000 |
| Vcco135   |       1.350 |     0.000 |       0.000 |      0.000 |
| Vcco12    |       1.200 |     0.000 |       0.000 |      0.000 |
| Vccaux_io |       1.800 |     0.000 |       0.000 |      0.000 |
| Vccbram   |       1.000 |     0.000 |       0.000 |      0.000 |
| MGTAVcc   |       1.000 |     0.000 |       0.000 |      0.000 |
| MGTAVtt   |       1.200 |     0.000 |       0.000 |      0.000 |
| Vccadc    |       1.800 |     0.020 |       0.000 |      0.020 |
+-----------+-------------+-----------+-------------+------------+


1.3 Confidence Level
--------------------

+-----------------------------+------------+--------------------------------------------------------+------------------------------------------------------------------------------------------------------------+
| User Input Data             | Confidence | Details                                                | Action                                                                                                     |
+-----------------------------+------------+--------------------------------------------------------+------------------------------------------------------------------------------------------------------------+
| Design implementation state | High       | Design is routed                                       |                                                                                                            |
| Clock nodes activity        | High       | User specified more than 95% of clocks                 |                                                                                                            |
| I/O nodes activity          | Low        | More than 75% of inputs are missing user specification | Provide missing input activity with simulation results or by editing the "By Resource Type -> I/Os" view   |
| Internal nodes activity     | Medium     | User specified less than 25% of internal nodes         | Provide missing internal nodes activity with simulation results or by editing the "By Resource Type" views |
| Device models               | High       | Device models are Production                           |                                                                                                            |
|                             |            |                                                        |                                                                                                            |
| Overall confidence level    | Low        |                                                        |                                                                                                            |
+-----------------------------+------------+--------------------------------------------------------+------------------------------------------------------------------------------------------------------------+


2. Settings
-----------

2.1 Environment
---------------

+-----------------------+--------------------------+
| Ambient Temp (C)      | 25.0                     |
| ThetaJA (C/W)         | 4.6                      |
| Airflow (LFM)         | 250                      |
| Heat Sink             | medium (Medium Profile)  |
| ThetaSA (C/W)         | 4.6                      |
| Board Selection       | medium (10"x10")         |
| # of Board Layers     | 12to15 (12 to 15 Layers) |
| Board Temperature (C) | 25.0                     |
+-----------------------+--------------------------+


2.2 Clock Constraints
---------------------

+-------------+-----------+-----------------+
| Clock       | Domain    | Constraint (ns) |
+-------------+-----------+-----------------+
| sys_clk_pin | CLK100MHZ |            10.0 |
+-------------+-----------+-----------------+


3. Detailed Reports
-------------------

3.1 By Hierarchy
----------------

+--------------------+-----------+
| Name               | Power (W) |
+--------------------+-----------+
| ProcessorToDisplay |     0.010 |
|   Proc             |     0.009 |
|     Control        |     0.004 |
|       PC           |     0.004 |
|     Mem            |     0.002 |
|     PC             |     0.001 |
+--------------------+-----------+


