
*** Running vivado
    with args -log ProcessorToDisplay.vdi -applog -m64 -product Vivado -messageDb vivado.pb -mode batch -source ProcessorToDisplay.tcl -notrace


****** Vivado v2019.2 (64-bit)
  **** SW Build 2708876 on Wed Nov  6 21:40:23 MST 2019
  **** IP Build 2700528 on Thu Nov  7 00:09:20 MST 2019
    ** Copyright 1986-2019 Xilinx, Inc. All Rights Reserved.

source ProcessorToDisplay.tcl -notrace
Command: link_design -top ProcessorToDisplay -part xc7a100tcsg324-1
Design is defaulting to srcset: sources_1
Design is defaulting to constrset: constrs_1
INFO: [Device 21-403] Loading part xc7a100tcsg324-1
Netlist sorting complete. Time (s): cpu = 00:00:00 ; elapsed = 00:00:00.018 . Memory (MB): peak = 733.516 ; gain = 0.000
INFO: [Netlist 29-17] Analyzing 65 Unisim elements for replacement
INFO: [Netlist 29-28] Unisim Transformation completed in 0 CPU seconds
INFO: [Project 1-479] Netlist was created with Vivado 2019.2
INFO: [Project 1-570] Preparing netlist for logic optimization
Parsing XDC File [C:/Users/krahn/Desktop/CURRENT COURSES/Comp Org/Processor_ENGG3380/Processor.srcs/constrs_1/new/Processor_xdc.xdc]
Finished Parsing XDC File [C:/Users/krahn/Desktop/CURRENT COURSES/Comp Org/Processor_ENGG3380/Processor.srcs/constrs_1/new/Processor_xdc.xdc]
INFO: [Opt 31-138] Pushed 0 inverter(s) to 0 load pin(s).
Netlist sorting complete. Time (s): cpu = 00:00:00 ; elapsed = 00:00:00 . Memory (MB): peak = 858.266 ; gain = 0.000
INFO: [Project 1-111] Unisim Transformation Summary:
  A total of 6 instances were transformed.
  RAM32M => RAM32M (inverted pins: WCLK) (RAMD32(x6), RAMS32(x2)): 6 instances

7 Infos, 0 Warnings, 0 Critical Warnings and 0 Errors encountered.
link_design completed successfully
link_design: Time (s): cpu = 00:00:07 ; elapsed = 00:00:07 . Memory (MB): peak = 858.266 ; gain = 428.371
Command: opt_design
Attempting to get a license for feature 'Implementation' and/or device 'xc7a100t'
INFO: [Common 17-349] Got license for feature 'Implementation' and/or device 'xc7a100t'
Running DRC as a precondition to command opt_design

Starting DRC Task
INFO: [DRC 23-27] Running DRC with 2 threads
INFO: [Project 1-461] DRC finished with 0 Errors
INFO: [Project 1-462] Please refer to the DRC report (report_drc) for more information.

Time (s): cpu = 00:00:00 ; elapsed = 00:00:00.552 . Memory (MB): peak = 878.230 ; gain = 19.965

Starting Cache Timing Information Task
INFO: [Timing 38-35] Done setting XDC timing constraints.
Ending Cache Timing Information Task | Checksum: 10eacda8c

Time (s): cpu = 00:00:09 ; elapsed = 00:00:09 . Memory (MB): peak = 1431.094 ; gain = 552.863

Starting Logic Optimization Task

Phase 1 Retarget
INFO: [Opt 31-138] Pushed 0 inverter(s) to 0 load pin(s).
INFO: [Opt 31-49] Retargeted 0 cell(s).
Phase 1 Retarget | Checksum: 1a711222f

Time (s): cpu = 00:00:00 ; elapsed = 00:00:00.054 . Memory (MB): peak = 1625.000 ; gain = 0.000
INFO: [Opt 31-389] Phase Retarget created 0 cells and removed 1 cells

Phase 2 Constant propagation
INFO: [Opt 31-138] Pushed 0 inverter(s) to 0 load pin(s).
Phase 2 Constant propagation | Checksum: 1a711222f

Time (s): cpu = 00:00:00 ; elapsed = 00:00:00.063 . Memory (MB): peak = 1625.000 ; gain = 0.000
INFO: [Opt 31-389] Phase Constant propagation created 0 cells and removed 0 cells

Phase 3 Sweep
Phase 3 Sweep | Checksum: 184e3e692

Time (s): cpu = 00:00:00 ; elapsed = 00:00:00.076 . Memory (MB): peak = 1625.000 ; gain = 0.000
INFO: [Opt 31-389] Phase Sweep created 0 cells and removed 0 cells

Phase 4 BUFG optimization
INFO: [Opt 31-1112] Starts optimizing BUFG(s) with a common MMCM/DPLL/XPLL driver.
INFO: [Opt 31-1112] Starts optimizing BUFG(s) with a common driver.
INFO: [Opt 31-1092] Phase BUFG optimization transformed 0 BUFG(s) to MBUFG(s).
Phase 4 BUFG optimization | Checksum: 184e3e692

Time (s): cpu = 00:00:00 ; elapsed = 00:00:00.093 . Memory (MB): peak = 1625.000 ; gain = 0.000
INFO: [Opt 31-662] Phase BUFG optimization created 0 cells of which 0 are BUFGs and removed 0 cells.

Phase 5 Shift Register Optimization
INFO: [Opt 31-1064] SRL Remap converted 0 SRLs to 0 registers and converted 0 registers of register chains to 0 SRLs
Phase 5 Shift Register Optimization | Checksum: 184e3e692

Time (s): cpu = 00:00:00 ; elapsed = 00:00:00.109 . Memory (MB): peak = 1625.000 ; gain = 0.000
INFO: [Opt 31-389] Phase Shift Register Optimization created 0 cells and removed 0 cells

Phase 6 Post Processing Netlist
Phase 6 Post Processing Netlist | Checksum: 184e3e692

Time (s): cpu = 00:00:00 ; elapsed = 00:00:00.114 . Memory (MB): peak = 1625.000 ; gain = 0.000
INFO: [Opt 31-389] Phase Post Processing Netlist created 0 cells and removed 0 cells
Opt_design Change Summary
=========================


-------------------------------------------------------------------------------------------------------------------------
|  Phase                        |  #Cells created  |  #Cells Removed  |  #Constrained objects preventing optimizations  |
-------------------------------------------------------------------------------------------------------------------------
|  Retarget                     |               0  |               1  |                                              0  |
|  Constant propagation         |               0  |               0  |                                              0  |
|  Sweep                        |               0  |               0  |                                              0  |
|  BUFG optimization            |               0  |               0  |                                              0  |
|  Shift Register Optimization  |               0  |               0  |                                              0  |
|  Post Processing Netlist      |               0  |               0  |                                              0  |
-------------------------------------------------------------------------------------------------------------------------



Starting Connectivity Check Task

Time (s): cpu = 00:00:00 ; elapsed = 00:00:00.003 . Memory (MB): peak = 1625.000 ; gain = 0.000
Ending Logic Optimization Task | Checksum: 1a15334af

Time (s): cpu = 00:00:00 ; elapsed = 00:00:00.126 . Memory (MB): peak = 1625.000 ; gain = 0.000

Starting Power Optimization Task
INFO: [Pwropt 34-132] Skipping clock gating for clocks with a period < 2.00 ns.
Ending Power Optimization Task | Checksum: 1a15334af

Time (s): cpu = 00:00:00 ; elapsed = 00:00:00.009 . Memory (MB): peak = 1625.000 ; gain = 0.000

Starting Final Cleanup Task
Ending Final Cleanup Task | Checksum: 1a15334af

Time (s): cpu = 00:00:00 ; elapsed = 00:00:00 . Memory (MB): peak = 1625.000 ; gain = 0.000

Starting Netlist Obfuscation Task
Netlist sorting complete. Time (s): cpu = 00:00:00 ; elapsed = 00:00:00 . Memory (MB): peak = 1625.000 ; gain = 0.000
Ending Netlist Obfuscation Task | Checksum: 1a15334af

Time (s): cpu = 00:00:00 ; elapsed = 00:00:00 . Memory (MB): peak = 1625.000 ; gain = 0.000
INFO: [Common 17-83] Releasing license: Implementation
27 Infos, 0 Warnings, 0 Critical Warnings and 0 Errors encountered.
opt_design completed successfully
opt_design: Time (s): cpu = 00:00:11 ; elapsed = 00:00:12 . Memory (MB): peak = 1625.000 ; gain = 766.734
Netlist sorting complete. Time (s): cpu = 00:00:00 ; elapsed = 00:00:00.001 . Memory (MB): peak = 1625.000 ; gain = 0.000
INFO: [Timing 38-480] Writing timing data to binary archive.
Writing placer database...
Writing XDEF routing.
Writing XDEF routing logical nets.
Writing XDEF routing special nets.
Write XDEF Complete: Time (s): cpu = 00:00:00 ; elapsed = 00:00:00.056 . Memory (MB): peak = 1625.000 ; gain = 0.000
INFO: [Common 17-1381] The checkpoint 'C:/Users/krahn/Desktop/CURRENT COURSES/Comp Org/Processor_ENGG3380/Processor.runs/impl_1/ProcessorToDisplay_opt.dcp' has been generated.
INFO: [runtcl-4] Executing : report_drc -file ProcessorToDisplay_drc_opted.rpt -pb ProcessorToDisplay_drc_opted.pb -rpx ProcessorToDisplay_drc_opted.rpx
Command: report_drc -file ProcessorToDisplay_drc_opted.rpt -pb ProcessorToDisplay_drc_opted.pb -rpx ProcessorToDisplay_drc_opted.rpx
INFO: [IP_Flow 19-234] Refreshing IP repositories
INFO: [IP_Flow 19-1704] No user IP repositories specified
INFO: [IP_Flow 19-2313] Loaded Vivado IP repository 'C:/Xilinx/Vivado/2019.2/data/ip'.
INFO: [DRC 23-27] Running DRC with 2 threads
INFO: [Coretcl 2-168] The results of DRC are in file C:/Users/krahn/Desktop/CURRENT COURSES/Comp Org/Processor_ENGG3380/Processor.runs/impl_1/ProcessorToDisplay_drc_opted.rpt.
report_drc completed successfully
Command: place_design
Attempting to get a license for feature 'Implementation' and/or device 'xc7a100t'
INFO: [Common 17-349] Got license for feature 'Implementation' and/or device 'xc7a100t'
INFO: [DRC 23-27] Running DRC with 2 threads
INFO: [Vivado_Tcl 4-198] DRC finished with 0 Errors
INFO: [Vivado_Tcl 4-199] Please refer to the DRC report (report_drc) for more information.
Running DRC as a precondition to command place_design
INFO: [DRC 23-27] Running DRC with 2 threads
INFO: [Vivado_Tcl 4-198] DRC finished with 0 Errors
INFO: [Vivado_Tcl 4-199] Please refer to the DRC report (report_drc) for more information.

Starting Placer Task
INFO: [Place 30-611] Multithreading enabled for place_design using a maximum of 2 CPUs

Phase 1 Placer Initialization

Phase 1.1 Placer Initialization Netlist Sorting
Netlist sorting complete. Time (s): cpu = 00:00:00 ; elapsed = 00:00:00.001 . Memory (MB): peak = 1625.000 ; gain = 0.000
Phase 1.1 Placer Initialization Netlist Sorting | Checksum: 149fab2fd

Time (s): cpu = 00:00:00 ; elapsed = 00:00:00.005 . Memory (MB): peak = 1625.000 ; gain = 0.000
Netlist sorting complete. Time (s): cpu = 00:00:00 ; elapsed = 00:00:00 . Memory (MB): peak = 1625.000 ; gain = 0.000

Phase 1.2 IO Placement/ Clock Placement/ Build Placer Device
INFO: [Timing 38-35] Done setting XDC timing constraints.
Phase 1.2 IO Placement/ Clock Placement/ Build Placer Device | Checksum: 17fe27d6b

Time (s): cpu = 00:00:02 ; elapsed = 00:00:01 . Memory (MB): peak = 1625.000 ; gain = 0.000

Phase 1.3 Build Placer Netlist Model
Phase 1.3 Build Placer Netlist Model | Checksum: 1f3acffa1

Time (s): cpu = 00:00:03 ; elapsed = 00:00:01 . Memory (MB): peak = 1625.000 ; gain = 0.000

Phase 1.4 Constrain Clocks/Macros
Phase 1.4 Constrain Clocks/Macros | Checksum: 1f3acffa1

Time (s): cpu = 00:00:03 ; elapsed = 00:00:01 . Memory (MB): peak = 1625.000 ; gain = 0.000
Phase 1 Placer Initialization | Checksum: 1f3acffa1

Time (s): cpu = 00:00:03 ; elapsed = 00:00:01 . Memory (MB): peak = 1625.000 ; gain = 0.000

Phase 2 Global Placement

Phase 2.1 Floorplanning
Phase 2.1 Floorplanning | Checksum: 20998b53e

Time (s): cpu = 00:00:03 ; elapsed = 00:00:01 . Memory (MB): peak = 1625.000 ; gain = 0.000

Phase 2.2 Global Placement Core

Phase 2.2.1 Physical Synthesis In Placer
INFO: [Physopt 32-1018] Found 23 candidate LUT instances to create LUTNM shape
INFO: [Physopt 32-775] End 1 Pass. Optimized 9 nets or cells. Created 0 new cell, deleted 9 existing cells and moved 0 existing cell
INFO: [Physopt 32-65] No nets found for high-fanout optimization.
INFO: [Physopt 32-232] Optimized 0 net. Created 0 new instance.
INFO: [Physopt 32-775] End 1 Pass. Optimized 0 net or cell. Created 0 new cell, deleted 0 existing cell and moved 0 existing cell
INFO: [Physopt 32-670] No setup violation found.  DSP Register Optimization was not performed.
INFO: [Physopt 32-670] No setup violation found.  Shift Register to Pipeline Optimization was not performed.
INFO: [Physopt 32-670] No setup violation found.  Shift Register Optimization was not performed.
INFO: [Physopt 32-670] No setup violation found.  BRAM Register Optimization was not performed.
INFO: [Physopt 32-949] No candidate nets found for HD net replication
INFO: [Physopt 32-775] End 1 Pass. Optimized 0 net or cell. Created 0 new cell, deleted 0 existing cell and moved 0 existing cell
Netlist sorting complete. Time (s): cpu = 00:00:00 ; elapsed = 00:00:00.001 . Memory (MB): peak = 1625.000 ; gain = 0.000

Summary of Physical Synthesis Optimizations
============================================


-----------------------------------------------------------------------------------------------------------------------------------------------------------
|  Optimization                                     |  Added Cells  |  Removed Cells  |  Optimized Cells/Nets  |  Dont Touch  |  Iterations  |  Elapsed   |
-----------------------------------------------------------------------------------------------------------------------------------------------------------
|  LUT Combining                                    |            0  |              9  |                     9  |           0  |           1  |  00:00:00  |
|  Very High Fanout                                 |            0  |              0  |                     0  |           0  |           1  |  00:00:00  |
|  DSP Register                                     |            0  |              0  |                     0  |           0  |           0  |  00:00:00  |
|  Shift Register to Pipeline                       |            0  |              0  |                     0  |           0  |           0  |  00:00:00  |
|  Shift Register                                   |            0  |              0  |                     0  |           0  |           0  |  00:00:00  |
|  BRAM Register                                    |            0  |              0  |                     0  |           0  |           0  |  00:00:00  |
|  Dynamic/Static Region Interface Net Replication  |            0  |              0  |                     0  |           0  |           1  |  00:00:00  |
|  Total                                            |            0  |              9  |                     9  |           0  |           3  |  00:00:00  |
-----------------------------------------------------------------------------------------------------------------------------------------------------------


Phase 2.2.1 Physical Synthesis In Placer | Checksum: 29a5f4807

Time (s): cpu = 00:00:05 ; elapsed = 00:00:03 . Memory (MB): peak = 1625.000 ; gain = 0.000
Phase 2.2 Global Placement Core | Checksum: 246b32706

Time (s): cpu = 00:00:05 ; elapsed = 00:00:03 . Memory (MB): peak = 1625.000 ; gain = 0.000
Phase 2 Global Placement | Checksum: 246b32706

Time (s): cpu = 00:00:05 ; elapsed = 00:00:03 . Memory (MB): peak = 1625.000 ; gain = 0.000

Phase 3 Detail Placement

Phase 3.1 Commit Multi Column Macros
Phase 3.1 Commit Multi Column Macros | Checksum: 25d5e3833

Time (s): cpu = 00:00:05 ; elapsed = 00:00:03 . Memory (MB): peak = 1625.000 ; gain = 0.000

Phase 3.2 Commit Most Macros & LUTRAMs
Phase 3.2 Commit Most Macros & LUTRAMs | Checksum: 234dffabf

Time (s): cpu = 00:00:05 ; elapsed = 00:00:03 . Memory (MB): peak = 1625.000 ; gain = 0.000

Phase 3.3 Area Swap Optimization
Phase 3.3 Area Swap Optimization | Checksum: 177cc92b7

Time (s): cpu = 00:00:06 ; elapsed = 00:00:03 . Memory (MB): peak = 1625.000 ; gain = 0.000

Phase 3.4 Pipeline Register Optimization
Phase 3.4 Pipeline Register Optimization | Checksum: 20293ed7e

Time (s): cpu = 00:00:06 ; elapsed = 00:00:03 . Memory (MB): peak = 1625.000 ; gain = 0.000

Phase 3.5 Small Shape Detail Placement
Phase 3.5 Small Shape Detail Placement | Checksum: 137c4ce40

Time (s): cpu = 00:00:06 ; elapsed = 00:00:03 . Memory (MB): peak = 1625.000 ; gain = 0.000

Phase 3.6 Re-assign LUT pins
Phase 3.6 Re-assign LUT pins | Checksum: 1d62528b3

Time (s): cpu = 00:00:06 ; elapsed = 00:00:03 . Memory (MB): peak = 1625.000 ; gain = 0.000

Phase 3.7 Pipeline Register Optimization
Phase 3.7 Pipeline Register Optimization | Checksum: 25b5d967c

Time (s): cpu = 00:00:06 ; elapsed = 00:00:03 . Memory (MB): peak = 1625.000 ; gain = 0.000
Phase 3 Detail Placement | Checksum: 25b5d967c

Time (s): cpu = 00:00:06 ; elapsed = 00:00:03 . Memory (MB): peak = 1625.000 ; gain = 0.000

Phase 4 Post Placement Optimization and Clean-Up

Phase 4.1 Post Commit Optimization
INFO: [Timing 38-35] Done setting XDC timing constraints.

Phase 4.1.1 Post Placement Optimization
Post Placement Optimization Initialization | Checksum: 1c76a73e8

Phase 4.1.1.1 BUFG Insertion
INFO: [Place 46-56] BUFG insertion identified 0 candidate nets. Inserted BUFG: 0, Replicated BUFG Driver: 0, Skipped due to Placement/Routing Conflicts: 0, Skipped due to Timing Degradation: 0, Skipped due to Illegal Netlist: 0.
Phase 4.1.1.1 BUFG Insertion | Checksum: 1c76a73e8

Time (s): cpu = 00:00:07 ; elapsed = 00:00:04 . Memory (MB): peak = 1635.691 ; gain = 10.691
INFO: [Place 30-746] Post Placement Timing Summary WNS=6.718. For the most accurate timing information please run report_timing.
Phase 4.1.1 Post Placement Optimization | Checksum: 236589156

Time (s): cpu = 00:00:07 ; elapsed = 00:00:04 . Memory (MB): peak = 1635.691 ; gain = 10.691
Phase 4.1 Post Commit Optimization | Checksum: 236589156

Time (s): cpu = 00:00:07 ; elapsed = 00:00:04 . Memory (MB): peak = 1635.691 ; gain = 10.691

Phase 4.2 Post Placement Cleanup
Phase 4.2 Post Placement Cleanup | Checksum: 236589156

Time (s): cpu = 00:00:07 ; elapsed = 00:00:04 . Memory (MB): peak = 1635.691 ; gain = 10.691

Phase 4.3 Placer Reporting
Phase 4.3 Placer Reporting | Checksum: 236589156

Time (s): cpu = 00:00:07 ; elapsed = 00:00:04 . Memory (MB): peak = 1635.691 ; gain = 10.691

Phase 4.4 Final Placement Cleanup
Netlist sorting complete. Time (s): cpu = 00:00:00 ; elapsed = 00:00:00 . Memory (MB): peak = 1635.691 ; gain = 0.000
Phase 4.4 Final Placement Cleanup | Checksum: 1d3bce94b

Time (s): cpu = 00:00:07 ; elapsed = 00:00:04 . Memory (MB): peak = 1635.691 ; gain = 10.691
Phase 4 Post Placement Optimization and Clean-Up | Checksum: 1d3bce94b

Time (s): cpu = 00:00:07 ; elapsed = 00:00:04 . Memory (MB): peak = 1635.691 ; gain = 10.691
Ending Placer Task | Checksum: 1120ebac9

Time (s): cpu = 00:00:07 ; elapsed = 00:00:04 . Memory (MB): peak = 1635.691 ; gain = 10.691
INFO: [Common 17-83] Releasing license: Implementation
59 Infos, 0 Warnings, 0 Critical Warnings and 0 Errors encountered.
place_design completed successfully
Netlist sorting complete. Time (s): cpu = 00:00:00 ; elapsed = 00:00:00.001 . Memory (MB): peak = 1635.691 ; gain = 0.000
INFO: [Timing 38-480] Writing timing data to binary archive.
Writing placer database...
Writing XDEF routing.
Writing XDEF routing logical nets.
Writing XDEF routing special nets.
Write XDEF Complete: Time (s): cpu = 00:00:00 ; elapsed = 00:00:00.151 . Memory (MB): peak = 1636.707 ; gain = 1.016
INFO: [Common 17-1381] The checkpoint 'C:/Users/krahn/Desktop/CURRENT COURSES/Comp Org/Processor_ENGG3380/Processor.runs/impl_1/ProcessorToDisplay_placed.dcp' has been generated.
INFO: [runtcl-4] Executing : report_io -file ProcessorToDisplay_io_placed.rpt
report_io: Time (s): cpu = 00:00:00 ; elapsed = 00:00:00.057 . Memory (MB): peak = 1636.707 ; gain = 0.000
INFO: [runtcl-4] Executing : report_utilization -file ProcessorToDisplay_utilization_placed.rpt -pb ProcessorToDisplay_utilization_placed.pb
INFO: [runtcl-4] Executing : report_control_sets -verbose -file ProcessorToDisplay_control_sets_placed.rpt
report_control_sets: Time (s): cpu = 00:00:01 ; elapsed = 00:00:00.009 . Memory (MB): peak = 1636.707 ; gain = 0.000
Command: route_design
Attempting to get a license for feature 'Implementation' and/or device 'xc7a100t'
INFO: [Common 17-349] Got license for feature 'Implementation' and/or device 'xc7a100t'
Running DRC as a precondition to command route_design
INFO: [DRC 23-27] Running DRC with 2 threads
INFO: [Vivado_Tcl 4-198] DRC finished with 0 Errors
INFO: [Vivado_Tcl 4-199] Please refer to the DRC report (report_drc) for more information.


Starting Routing Task
INFO: [Route 35-254] Multithreading enabled for route_design using a maximum of 2 CPUs
Checksum: PlaceDB: b9fc9a1d ConstDB: 0 ShapeSum: 581220ac RouteDB: 0

Phase 1 Build RT Design
Phase 1 Build RT Design | Checksum: efd3b714

Time (s): cpu = 00:00:32 ; elapsed = 00:00:28 . Memory (MB): peak = 1759.172 ; gain = 110.461
Post Restoration Checksum: NetGraph: 2dc3fa96 NumContArr: c20fbc7e Constraints: 0 Timing: 0

Phase 2 Router Initialization

Phase 2.1 Create Timer
Phase 2.1 Create Timer | Checksum: efd3b714

Time (s): cpu = 00:00:32 ; elapsed = 00:00:28 . Memory (MB): peak = 1791.313 ; gain = 142.602

Phase 2.2 Fix Topology Constraints
Phase 2.2 Fix Topology Constraints | Checksum: efd3b714

Time (s): cpu = 00:00:32 ; elapsed = 00:00:28 . Memory (MB): peak = 1798.266 ; gain = 149.555

Phase 2.3 Pre Route Cleanup
Phase 2.3 Pre Route Cleanup | Checksum: efd3b714

Time (s): cpu = 00:00:32 ; elapsed = 00:00:28 . Memory (MB): peak = 1798.266 ; gain = 149.555
 Number of Nodes with overlaps = 0

Phase 2.4 Update Timing
Phase 2.4 Update Timing | Checksum: 133c8e032

Time (s): cpu = 00:00:32 ; elapsed = 00:00:28 . Memory (MB): peak = 1806.402 ; gain = 157.691
INFO: [Route 35-416] Intermediate Timing Summary | WNS=6.475  | TNS=0.000  | WHS=0.005  | THS=0.000  |

Phase 2 Router Initialization | Checksum: 15df427cc

Time (s): cpu = 00:00:33 ; elapsed = 00:00:28 . Memory (MB): peak = 1806.402 ; gain = 157.691

Router Utilization Summary
  Global Vertical Routing Utilization    = 8.70436e-05 %
  Global Horizontal Routing Utilization  = 7.10429e-05 %
  Routable Net Status*
  *Does not include unroutable nets such as driverless and loadless.
  Run report_route_status for detailed report.
  Number of Failed Nets               = 1198
    (Failed Nets is the sum of unrouted and partially routed nets)
  Number of Unrouted Nets             = 1197
  Number of Partially Routed Nets     = 1
  Number of Node Overlaps             = 0


Phase 3 Initial Routing
Phase 3 Initial Routing | Checksum: 231a820e0

Time (s): cpu = 00:00:33 ; elapsed = 00:00:29 . Memory (MB): peak = 1809.074 ; gain = 160.363

Phase 4 Rip-up And Reroute

Phase 4.1 Global Iteration 0
 Number of Nodes with overlaps = 106
 Number of Nodes with overlaps = 0
INFO: [Route 35-416] Intermediate Timing Summary | WNS=6.476  | TNS=0.000  | WHS=N/A    | THS=N/A    |

Phase 4.1 Global Iteration 0 | Checksum: 1850a334e

Time (s): cpu = 00:00:33 ; elapsed = 00:00:29 . Memory (MB): peak = 1809.074 ; gain = 160.363
Phase 4 Rip-up And Reroute | Checksum: 1850a334e

Time (s): cpu = 00:00:33 ; elapsed = 00:00:29 . Memory (MB): peak = 1809.074 ; gain = 160.363

Phase 5 Delay and Skew Optimization

Phase 5.1 Delay CleanUp
Phase 5.1 Delay CleanUp | Checksum: 1850a334e

Time (s): cpu = 00:00:33 ; elapsed = 00:00:29 . Memory (MB): peak = 1809.074 ; gain = 160.363

Phase 5.2 Clock Skew Optimization
Phase 5.2 Clock Skew Optimization | Checksum: 1850a334e

Time (s): cpu = 00:00:33 ; elapsed = 00:00:29 . Memory (MB): peak = 1809.074 ; gain = 160.363
Phase 5 Delay and Skew Optimization | Checksum: 1850a334e

Time (s): cpu = 00:00:33 ; elapsed = 00:00:29 . Memory (MB): peak = 1809.074 ; gain = 160.363

Phase 6 Post Hold Fix

Phase 6.1 Hold Fix Iter

Phase 6.1.1 Update Timing
Phase 6.1.1 Update Timing | Checksum: 1bb8935b1

Time (s): cpu = 00:00:33 ; elapsed = 00:00:29 . Memory (MB): peak = 1809.074 ; gain = 160.363
INFO: [Route 35-416] Intermediate Timing Summary | WNS=6.572  | TNS=0.000  | WHS=0.309  | THS=0.000  |

Phase 6.1 Hold Fix Iter | Checksum: 1bb8935b1

Time (s): cpu = 00:00:33 ; elapsed = 00:00:29 . Memory (MB): peak = 1809.074 ; gain = 160.363
Phase 6 Post Hold Fix | Checksum: 1bb8935b1

Time (s): cpu = 00:00:33 ; elapsed = 00:00:29 . Memory (MB): peak = 1809.074 ; gain = 160.363

Phase 7 Route finalize

Router Utilization Summary
  Global Vertical Routing Utilization    = 0.151412 %
  Global Horizontal Routing Utilization  = 0.180591 %
  Routable Net Status*
  *Does not include unroutable nets such as driverless and loadless.
  Run report_route_status for detailed report.
  Number of Failed Nets               = 0
    (Failed Nets is the sum of unrouted and partially routed nets)
  Number of Unrouted Nets             = 0
  Number of Partially Routed Nets     = 0
  Number of Node Overlaps             = 0

Phase 7 Route finalize | Checksum: 1bb8935b1

Time (s): cpu = 00:00:33 ; elapsed = 00:00:29 . Memory (MB): peak = 1809.074 ; gain = 160.363

Phase 8 Verifying routed nets

 Verification completed successfully
Phase 8 Verifying routed nets | Checksum: 1bb8935b1

Time (s): cpu = 00:00:33 ; elapsed = 00:00:29 . Memory (MB): peak = 1811.086 ; gain = 162.375

Phase 9 Depositing Routes
Phase 9 Depositing Routes | Checksum: 2635a8f89

Time (s): cpu = 00:00:34 ; elapsed = 00:00:29 . Memory (MB): peak = 1811.086 ; gain = 162.375

Phase 10 Post Router Timing
INFO: [Route 35-57] Estimated Timing Summary | WNS=6.572  | TNS=0.000  | WHS=0.309  | THS=0.000  |

INFO: [Route 35-327] The final timing numbers are based on the router estimated timing analysis. For a complete and accurate timing signoff, please run report_timing_summary.
Phase 10 Post Router Timing | Checksum: 2635a8f89

Time (s): cpu = 00:00:34 ; elapsed = 00:00:29 . Memory (MB): peak = 1811.086 ; gain = 162.375
INFO: [Route 35-16] Router Completed Successfully

Time (s): cpu = 00:00:34 ; elapsed = 00:00:29 . Memory (MB): peak = 1811.086 ; gain = 162.375

Routing Is Done.
INFO: [Common 17-83] Releasing license: Implementation
76 Infos, 0 Warnings, 0 Critical Warnings and 0 Errors encountered.
route_design completed successfully
route_design: Time (s): cpu = 00:00:35 ; elapsed = 00:00:30 . Memory (MB): peak = 1811.086 ; gain = 174.379
Netlist sorting complete. Time (s): cpu = 00:00:00 ; elapsed = 00:00:00 . Memory (MB): peak = 1811.086 ; gain = 0.000
INFO: [Timing 38-480] Writing timing data to binary archive.
Writing placer database...
Writing XDEF routing.
Writing XDEF routing logical nets.
Writing XDEF routing special nets.
Write XDEF Complete: Time (s): cpu = 00:00:00 ; elapsed = 00:00:00.180 . Memory (MB): peak = 1820.996 ; gain = 9.910
INFO: [Common 17-1381] The checkpoint 'C:/Users/krahn/Desktop/CURRENT COURSES/Comp Org/Processor_ENGG3380/Processor.runs/impl_1/ProcessorToDisplay_routed.dcp' has been generated.
INFO: [runtcl-4] Executing : report_drc -file ProcessorToDisplay_drc_routed.rpt -pb ProcessorToDisplay_drc_routed.pb -rpx ProcessorToDisplay_drc_routed.rpx
Command: report_drc -file ProcessorToDisplay_drc_routed.rpt -pb ProcessorToDisplay_drc_routed.pb -rpx ProcessorToDisplay_drc_routed.rpx
INFO: [IP_Flow 19-1839] IP Catalog is up to date.
INFO: [DRC 23-27] Running DRC with 2 threads
INFO: [Coretcl 2-168] The results of DRC are in file C:/Users/krahn/Desktop/CURRENT COURSES/Comp Org/Processor_ENGG3380/Processor.runs/impl_1/ProcessorToDisplay_drc_routed.rpt.
report_drc completed successfully
INFO: [runtcl-4] Executing : report_methodology -file ProcessorToDisplay_methodology_drc_routed.rpt -pb ProcessorToDisplay_methodology_drc_routed.pb -rpx ProcessorToDisplay_methodology_drc_routed.rpx
Command: report_methodology -file ProcessorToDisplay_methodology_drc_routed.rpt -pb ProcessorToDisplay_methodology_drc_routed.pb -rpx ProcessorToDisplay_methodology_drc_routed.rpx
INFO: [Timing 38-35] Done setting XDC timing constraints.
INFO: [DRC 23-133] Running Methodology with 2 threads
INFO: [Coretcl 2-1520] The results of Report Methodology are in file C:/Users/krahn/Desktop/CURRENT COURSES/Comp Org/Processor_ENGG3380/Processor.runs/impl_1/ProcessorToDisplay_methodology_drc_routed.rpt.
report_methodology completed successfully
INFO: [runtcl-4] Executing : report_power -file ProcessorToDisplay_power_routed.rpt -pb ProcessorToDisplay_power_summary_routed.pb -rpx ProcessorToDisplay_power_routed.rpx
Command: report_power -file ProcessorToDisplay_power_routed.rpt -pb ProcessorToDisplay_power_summary_routed.pb -rpx ProcessorToDisplay_power_routed.rpx
INFO: [Timing 38-35] Done setting XDC timing constraints.
Running Vector-less Activity Propagation...

Finished Running Vector-less Activity Propagation
88 Infos, 0 Warnings, 0 Critical Warnings and 0 Errors encountered.
report_power completed successfully
INFO: [runtcl-4] Executing : report_route_status -file ProcessorToDisplay_route_status.rpt -pb ProcessorToDisplay_route_status.pb
INFO: [runtcl-4] Executing : report_timing_summary -max_paths 10 -file ProcessorToDisplay_timing_summary_routed.rpt -pb ProcessorToDisplay_timing_summary_routed.pb -rpx ProcessorToDisplay_timing_summary_routed.rpx -warn_on_violation 
INFO: [Timing 38-91] UpdateTimingParams: Speed grade: -1, Delay Type: min_max.
INFO: [Timing 38-191] Multithreading enabled for timing update using a maximum of 2 CPUs
INFO: [runtcl-4] Executing : report_incremental_reuse -file ProcessorToDisplay_incremental_reuse_routed.rpt
INFO: [Vivado_Tcl 4-1062] Incremental flow is disabled. No incremental reuse Info to report.
INFO: [runtcl-4] Executing : report_clock_utilization -file ProcessorToDisplay_clock_utilization_routed.rpt
INFO: [runtcl-4] Executing : report_bus_skew -warn_on_violation -file ProcessorToDisplay_bus_skew_routed.rpt -pb ProcessorToDisplay_bus_skew_routed.pb -rpx ProcessorToDisplay_bus_skew_routed.rpx
INFO: [Timing 38-91] UpdateTimingParams: Speed grade: -1, Delay Type: min_max.
INFO: [Timing 38-191] Multithreading enabled for timing update using a maximum of 2 CPUs
INFO: [Common 17-206] Exiting Vivado at Mon Apr 13 14:32:18 2020...
