#-----------------------------------------------------------
# Webtalk v2019.2 (64-bit)
# SW Build 2708876 on Wed Nov  6 21:40:23 MST 2019
# IP Build 2700528 on Thu Nov  7 00:09:20 MST 2019
<<<<<<< Updated upstream
# Start of session at: Wed Apr  8 17:44:04 2020
# Process ID: 8692
=======
# Start of session at: Wed Apr  8 18:04:02 2020
# Process ID: 10780
>>>>>>> Stashed changes
# Current directory: C:/Users/Terry/Desktop/ENGG 3380/Processor-ENGG3380/Processor.sim/sim_1/behav/xsim
# Command line: wbtcv.exe -mode batch -source C:/Users/Terry/Desktop/ENGG 3380/Processor-ENGG3380/Processor.sim/sim_1/behav/xsim/xsim.dir/processor_tb_behav/webtalk/xsim_webtalk.tcl -notrace
# Log file: C:/Users/Terry/Desktop/ENGG 3380/Processor-ENGG3380/Processor.sim/sim_1/behav/xsim/webtalk.log
# Journal file: C:/Users/Terry/Desktop/ENGG 3380/Processor-ENGG3380/Processor.sim/sim_1/behav/xsim\webtalk.jou
#-----------------------------------------------------------
source C:/Users/Terry/Desktop/ENGG -notrace
couldn't read file "C:/Users/Terry/Desktop/ENGG": no such file or directory
<<<<<<< Updated upstream
INFO: [Common 17-206] Exiting Webtalk at Wed Apr  8 17:44:04 2020...
=======
INFO: [Common 17-206] Exiting Webtalk at Wed Apr  8 18:04:02 2020...
>>>>>>> Stashed changes
